Unity Editor version:    2020.3.33f1 (915a7af8b0d5)
Branch:                  2020.3/staging
Build type:              Release
Batch mode:              YES
macOS version:           Version 13.3.1 (a) (Build 22E772610a)
Darwin version:          22.4.0
Architecture:            x86_64
Running under Rosetta:   YES
Available memory:        16384 MB
Using pre-set license
Pro License: NO

COMMAND LINE ARGUMENTS:
/Applications/Unity/Hub/Editor/2020.3.33f1/Unity.app/Contents/MacOS/Unity
-adb2
-batchMode
-noUpm
-name
AssetImportWorker0
-projectPath
/Volumes/One Touch/JPLEE/program/Unity/DigitalConcierge2
-logFile
Logs/AssetImportWorker0.log
-srvPort
51546
Successfully changed project path to: /Volumes/One Touch/JPLEE/program/Unity/DigitalConcierge2
/Volumes/One Touch/JPLEE/program/Unity/DigitalConcierge2
Using Asset Import Pipeline V2.
Refreshing native plugins compatible for Editor in 1805.12 ms, found 3 plugins.
Preloading 0 native plugins for Editor in 0.00 ms.
Initialize engine version: 2020.3.33f1 (915a7af8b0d5)
[Subsystems] Discovering subsystems at path /Applications/Unity/Hub/Editor/2020.3.33f1/Unity.app/Contents/Resources/UnitySubsystems
[Subsystems] Discovering subsystems at path /Volumes/One Touch/JPLEE/program/Unity/DigitalConcierge2/Assets
GfxDevice: creating device client; threaded=0
2023-05-11 18:15:36.174 Unity[26700:281902] (null) preferred device: Apple M2 Pro (high power)
2023-05-11 18:15:36.174 Unity[26700:281902] Metal devices available: 1
2023-05-11 18:15:36.174 Unity[26700:281902] 0: Apple M2 Pro (high power)
2023-05-11 18:15:36.174 Unity[26700:281902] Using device Apple M2 Pro (high power)
Initializing Metal device caps: Apple M2 Pro
